<?xml version="1.0" encoding="UTF-8"?>
<!-- Generated by org.testng.reporters.JUnitXMLReporter -->
<testsuite ignored="0" hostname="BLR135CG9157DMW" failures="1" tests="5" name="test_chrome" time="39.083" errors="0" timestamp="2021-03-11T20:58:47 IST">
  <testcase classname="com.crm.cogmento.genericUtilities.Base_Class" name="@BeforeMethod configbef" time="7.702">
    <failure type="org.openqa.selenium.NoSuchElementException" message="no such element: Unable to locate element: {&amp;quot;method&amp;quot;:&amp;quot;xpath&amp;quot;,&amp;quot;selector&amp;quot;:&amp;quot;//input[@type=&amp;apos;text&amp;apos;]&amp;quot;}
  (Session info: chrome=89.0.4389.72)
For documentation on this error, please visit: https://www.seleniumhq.org/exceptions/no_such_element.html
Build info: version: &amp;apos;3.141.59&amp;apos;, revision: &amp;apos;e82be7d358&amp;apos;, time: &amp;apos;2018-11-14T08:25:53&amp;apos;
System info: host: &amp;apos;BLR135CG9157DMW&amp;apos;, ip: &amp;apos;10.94.253.186&amp;apos;, os.name: &amp;apos;Windows 10&amp;apos;, os.arch: &amp;apos;amd64&amp;apos;, os.version: &amp;apos;10.0&amp;apos;, java.version: &amp;apos;15.0.1&amp;apos;
Driver info: org.openqa.selenium.chrome.ChromeDriver
Capabilities {acceptInsecureCerts: false, browserName: chrome, browserVersion: 89.0.4389.72, chrome: {chromedriverVersion: 88.0.4324.96 (68dba2d8a0b14..., userDataDir: C:\Users\mullasal\AppData\L...}, goog:chromeOptions: {debuggerAddress: localhost:57741}, javascriptEnabled: true, networkConnectionEnabled: false, pageLoadStrategy: normal, platform: WINDOWS, platformName: WINDOWS, proxy: Proxy(), setWindowRect: true, strictFileInteractability: false, timeouts: {implicit: 0, pageLoad: 300000, script: 30000}, unhandledPromptBehavior: dismiss and notify, webauthn:extension:largeBlob: true, webauthn:virtualAuthenticators: true}
Session ID: 265acf01da534e35987a46d00af063f5
*** Element info: {Using=xpath, value=//input[@type=&amp;apos;text&amp;apos;]}">
      <![CDATA[org.openqa.selenium.NoSuchElementException: no such element: Unable to locate element: {"method":"xpath","selector":"//input[@type='text']"}
  (Session info: chrome=89.0.4389.72)
For documentation on this error, please visit: https://www.seleniumhq.org/exceptions/no_such_element.html
Build info: version: '3.141.59', revision: 'e82be7d358', time: '2018-11-14T08:25:53'
System info: host: 'BLR135CG9157DMW', ip: '10.94.253.186', os.name: 'Windows 10', os.arch: 'amd64', os.version: '10.0', java.version: '15.0.1'
Driver info: org.openqa.selenium.chrome.ChromeDriver
Capabilities {acceptInsecureCerts: false, browserName: chrome, browserVersion: 89.0.4389.72, chrome: {chromedriverVersion: 88.0.4324.96 (68dba2d8a0b14..., userDataDir: C:\Users\mullasal\AppData\L...}, goog:chromeOptions: {debuggerAddress: localhost:57741}, javascriptEnabled: true, networkConnectionEnabled: false, pageLoadStrategy: normal, platform: WINDOWS, platformName: WINDOWS, proxy: Proxy(), setWindowRect: true, strictFileInteractability: false, timeouts: {implicit: 0, pageLoad: 300000, script: 30000}, unhandledPromptBehavior: dismiss and notify, webauthn:extension:largeBlob: true, webauthn:virtualAuthenticators: true}
Session ID: 265acf01da534e35987a46d00af063f5
*** Element info: {Using=xpath, value=//input[@type='text']}
at org.openqa.selenium.remote.http.W3CHttpResponseCodec.createException(W3CHttpResponseCodec.java:187)
at org.openqa.selenium.remote.http.W3CHttpResponseCodec.decode(W3CHttpResponseCodec.java:122)
at org.openqa.selenium.remote.http.W3CHttpResponseCodec.decode(W3CHttpResponseCodec.java:49)
at org.openqa.selenium.remote.HttpCommandExecutor.execute(HttpCommandExecutor.java:158)
at org.openqa.selenium.remote.service.DriverCommandExecutor.execute(DriverCommandExecutor.java:83)
at org.openqa.selenium.remote.RemoteWebDriver.execute(RemoteWebDriver.java:552)
at org.openqa.selenium.remote.RemoteWebDriver.findElement(RemoteWebDriver.java:323)
at org.openqa.selenium.remote.RemoteWebDriver.findElementByXPath(RemoteWebDriver.java:428)
at org.openqa.selenium.By$ByXPath.findElement(By.java:353)
at org.openqa.selenium.remote.RemoteWebDriver.findElement(RemoteWebDriver.java:315)
at org.openqa.selenium.support.pagefactory.DefaultElementLocator.findElement(DefaultElementLocator.java:69)
at org.openqa.selenium.support.pagefactory.internal.LocatingElementHandler.invoke(LocatingElementHandler.java:38)
at com.sun.proxy.$Proxy14.sendKeys(Unknown Source)
at com.crm.cogmento.genericUtilities.Base_Class.configbef(Base_Class.java:44)
at java.base/java.util.ArrayList.forEach(ArrayList.java:1511)
at java.base/java.util.concurrent.FutureTask.run(FutureTask.java:264)
at java.base/java.util.concurrent.ThreadPoolExecutor.runWorker(ThreadPoolExecutor.java:1130)
at java.base/java.util.concurrent.ThreadPoolExecutor$Worker.run(ThreadPoolExecutor.java:630)
at java.base/java.lang.Thread.run(Thread.java:832)
... Removed 27 stack frames]]>
    </failure>
  </testcase> <!-- @BeforeMethod configbef -->
  <testcase classname="com.crm.cogmento.genericUtilities.Base_Class" name="@AfterMethod tearDown" time="-1.615476526975E9">
    <skipped/>
  </testcase> <!-- @AfterMethod tearDown -->
  <testcase classname="com.crm.cogmento.genericUtilities.Base_Class" name="@BeforeMethod configbef" time="-1.615476526976E9">
    <skipped/>
  </testcase> <!-- @BeforeMethod configbef -->
  <testcase classname="com.crm.cogmento.genericUtilities.Base_Class" name="@AfterMethod tearDown" time="-1.61547652698E9">
    <skipped/>
  </testcase> <!-- @AfterMethod tearDown -->
  <testcase classname="com.crm.cogmento.genericUtilities.Base_Class" name="@BeforeMethod configbef" time="-1.615476526981E9">
    <skipped/>
  </testcase> <!-- @BeforeMethod configbef -->
  <testcase classname="com.crm.cogmento.genericUtilities.Base_Class" name="@AfterMethod tearDown" time="-1.615476526984E9">
    <skipped/>
  </testcase> <!-- @AfterMethod tearDown -->
  <testcase classname="com.crm.cogmento.genericUtilities.Base_Class" name="@BeforeMethod configbef" time="-1.615476526986E9">
    <skipped/>
  </testcase> <!-- @BeforeMethod configbef -->
  <testcase classname="com.crm.cogmento.genericUtilities.Base_Class" name="@AfterMethod tearDown" time="-1.61547652699E9">
    <skipped/>
  </testcase> <!-- @AfterMethod tearDown -->
  <testcase classname="Test_Scripts.Create_New_Event_Page_Test" name="createnewCalendertest" time="8.905">
    <failure type="java.lang.AssertionError" message="expected [Saleem] but found [Create new Event]">
      <![CDATA[java.lang.AssertionError: expected [Saleem] but found [Create new Event]
at Test_Scripts.Create_New_Event_Page_Test.createnewCalendertest(Create_New_Event_Page_Test.java:71)
at java.base/java.util.ArrayList.forEach(ArrayList.java:1511)
at java.base/java.util.concurrent.FutureTask.run(FutureTask.java:264)
at java.base/java.util.concurrent.ThreadPoolExecutor.runWorker(ThreadPoolExecutor.java:1130)
at java.base/java.util.concurrent.ThreadPoolExecutor$Worker.run(ThreadPoolExecutor.java:630)
at java.base/java.lang.Thread.run(Thread.java:832)
... Removed 24 stack frames]]>
    </failure>
  </testcase> <!-- createnewCalendertest -->
  <testcase classname="Test_Scripts.Create_New_Event_Page_Test" name="createnewCalendertest" time="0.0">
    <skipped/>
  </testcase> <!-- createnewCalendertest -->
  <testcase classname="Test_Scripts.Create_New_Event_Page_Test" name="createnewCalendertest" time="0.0">
    <skipped/>
  </testcase> <!-- createnewCalendertest -->
  <testcase classname="Test_Scripts.Create_New_Event_Page_Test" name="createnewCalendertest" time="0.0">
    <skipped/>
  </testcase> <!-- createnewCalendertest -->
  <testcase classname="Test_Scripts.Create_New_Event_Page_Test" name="createnewCalendertest" time="0.0">
    <skipped/>
  </testcase> <!-- createnewCalendertest -->
</testsuite> <!-- test_chrome -->
